2024-12-27 16:27:48 [restartedMain] INFO  o.example.spring3.Spring3Application - Starting Spring3Application using Java 17 with PID 1764 (C:\Temp\spring3\build\classes\java\main started by a in C:\Temp\spring3)
2024-12-27 16:27:48 [restartedMain] INFO  o.example.spring3.Spring3Application - No active profile set, falling back to 1 default profile: "default"
2024-12-27 16:27:48 [restartedMain] INFO  o.s.b.w.e.tomcat.TomcatWebServer - Tomcat initialized with port 8888 (http)
2024-12-27 16:27:48 [restartedMain] INFO  o.a.catalina.core.StandardService - Starting service [Tomcat]
2024-12-27 16:27:48 [restartedMain] INFO  o.a.catalina.core.StandardEngine - Starting Servlet engine: [Apache Tomcat/10.1.16]
2024-12-27 16:27:48 [restartedMain] INFO  o.a.c.c.C.[Tomcat].[localhost].[/] - Initializing Spring embedded WebApplicationContext
2024-12-27 16:27:48 [restartedMain] DEBUG o.s.w.s.m.m.a.RequestMappingHandlerMapping - 2 mappings in 'requestMappingHandlerMapping'
2024-12-27 16:27:48 [restartedMain] DEBUG o.s.w.s.h.SimpleUrlHandlerMapping - Patterns [/webjars/**, /**] in 'resourceHandlerMapping'
2024-12-27 16:27:48 [restartedMain] DEBUG o.s.w.s.m.m.a.RequestMappingHandlerAdapter - ControllerAdvice beans: 0 @ModelAttribute, 0 @InitBinder, 1 RequestBodyAdvice, 1 ResponseBodyAdvice
2024-12-27 16:27:48 [restartedMain] DEBUG o.s.w.s.m.m.a.ExceptionHandlerExceptionResolver - ControllerAdvice beans: 0 @ExceptionHandler, 1 ResponseBodyAdvice
2024-12-27 16:27:48 [restartedMain] INFO  o.s.b.d.a.OptionalLiveReloadServer - LiveReload server is running on port 35729
2024-12-27 16:27:48 [restartedMain] INFO  o.s.b.w.e.tomcat.TomcatWebServer - Tomcat started on port 8888 (http) with context path ''
2024-12-27 16:27:48 [restartedMain] INFO  o.example.spring3.Spring3Application - Started Spring3Application in 0.447 seconds (process running for 146.28)
2024-12-27 16:27:48 [restartedMain] INFO  o.s.b.d.a.ConditionEvaluationDeltaLoggingListener - Condition evaluation unchanged
2024-12-27 16:28:33 [restartedMain] INFO  o.example.spring3.Spring3Application - Starting Spring3Application using Java 17 with PID 3116 (C:\Temp\spring3\build\classes\java\main started by a in C:\Temp\spring3)
2024-12-27 16:28:33 [restartedMain] INFO  o.example.spring3.Spring3Application - No active profile set, falling back to 1 default profile: "default"
2024-12-27 16:28:33 [restartedMain] INFO  o.s.b.d.e.DevToolsPropertyDefaultsPostProcessor - Devtools property defaults active! Set 'spring.devtools.add-properties' to 'false' to disable
2024-12-27 16:28:33 [restartedMain] INFO  o.s.b.d.e.DevToolsPropertyDefaultsPostProcessor - For additional web related logging consider setting the 'logging.level.web' property to 'DEBUG'
2024-12-27 16:28:34 [restartedMain] INFO  o.s.b.w.e.tomcat.TomcatWebServer - Tomcat initialized with port 8888 (http)
2024-12-27 16:28:34 [restartedMain] INFO  o.a.catalina.core.StandardService - Starting service [Tomcat]
2024-12-27 16:28:34 [restartedMain] INFO  o.a.catalina.core.StandardEngine - Starting Servlet engine: [Apache Tomcat/10.1.16]
2024-12-27 16:28:34 [restartedMain] INFO  o.a.c.c.C.[Tomcat].[localhost].[/] - Initializing Spring embedded WebApplicationContext
2024-12-27 16:28:34 [restartedMain] DEBUG o.s.w.s.m.m.a.RequestMappingHandlerMapping - 2 mappings in 'requestMappingHandlerMapping'
2024-12-27 16:28:34 [restartedMain] DEBUG o.s.w.s.h.SimpleUrlHandlerMapping - Patterns [/webjars/**, /**] in 'resourceHandlerMapping'
2024-12-27 16:28:34 [restartedMain] DEBUG o.s.w.s.m.m.a.RequestMappingHandlerAdapter - ControllerAdvice beans: 0 @ModelAttribute, 0 @InitBinder, 1 RequestBodyAdvice, 1 ResponseBodyAdvice
2024-12-27 16:28:34 [restartedMain] DEBUG o.s.w.s.m.m.a.ExceptionHandlerExceptionResolver - ControllerAdvice beans: 0 @ExceptionHandler, 1 ResponseBodyAdvice
2024-12-27 16:28:35 [restartedMain] INFO  o.s.b.d.a.OptionalLiveReloadServer - LiveReload server is running on port 35729
2024-12-27 16:28:35 [restartedMain] INFO  o.s.b.w.e.tomcat.TomcatWebServer - Tomcat started on port 8888 (http) with context path ''
2024-12-27 16:28:35 [restartedMain] INFO  o.example.spring3.Spring3Application - Started Spring3Application in 2.016 seconds (process running for 2.651)
2024-12-27 16:35:01 [File Watcher] INFO  o.s.b.d.a.LocalDevToolsAutoConfiguration$RestartingClassPathChangeChangedEventListener - Restarting due to 1 class path change (0 additions, 0 deletions, 1 modification)
2024-12-27 16:35:02 [restartedMain] INFO  o.example.spring3.Spring3Application - Starting Spring3Application using Java 17 with PID 3116 (C:\Temp\spring3\build\classes\java\main started by a in C:\Temp\spring3)
2024-12-27 16:35:02 [restartedMain] INFO  o.example.spring3.Spring3Application - No active profile set, falling back to 1 default profile: "default"
2024-12-27 16:35:02 [restartedMain] INFO  o.s.b.w.e.tomcat.TomcatWebServer - Tomcat initialized with port 8888 (http)
2024-12-27 16:35:02 [restartedMain] INFO  o.a.catalina.core.StandardService - Starting service [Tomcat]
2024-12-27 16:35:02 [restartedMain] INFO  o.a.catalina.core.StandardEngine - Starting Servlet engine: [Apache Tomcat/10.1.16]
2024-12-27 16:35:02 [restartedMain] INFO  o.a.c.c.C.[Tomcat].[localhost].[/] - Initializing Spring embedded WebApplicationContext
2024-12-27 16:35:02 [restartedMain] DEBUG o.s.w.s.m.m.a.RequestMappingHandlerMapping - 2 mappings in 'requestMappingHandlerMapping'
2024-12-27 16:35:02 [restartedMain] DEBUG o.s.w.s.h.SimpleUrlHandlerMapping - Patterns [/webjars/**, /**] in 'resourceHandlerMapping'
2024-12-27 16:35:02 [restartedMain] DEBUG o.s.w.s.m.m.a.RequestMappingHandlerAdapter - ControllerAdvice beans: 0 @ModelAttribute, 0 @InitBinder, 1 RequestBodyAdvice, 1 ResponseBodyAdvice
2024-12-27 16:35:02 [restartedMain] DEBUG o.s.w.s.m.m.a.ExceptionHandlerExceptionResolver - ControllerAdvice beans: 0 @ExceptionHandler, 1 ResponseBodyAdvice
2024-12-27 16:35:02 [restartedMain] INFO  o.s.b.d.a.OptionalLiveReloadServer - LiveReload server is running on port 35729
2024-12-27 16:35:02 [restartedMain] INFO  o.s.b.w.e.tomcat.TomcatWebServer - Tomcat started on port 8888 (http) with context path ''
2024-12-27 16:35:02 [restartedMain] INFO  o.example.spring3.Spring3Application - Started Spring3Application in 0.381 seconds (process running for 389.925)
2024-12-27 16:35:02 [restartedMain] INFO  o.s.b.d.a.ConditionEvaluationDeltaLoggingListener - Condition evaluation unchanged
2024-12-27 16:35:30 [File Watcher] INFO  o.s.b.d.a.LocalDevToolsAutoConfiguration$RestartingClassPathChangeChangedEventListener - Restarting due to 1 class path change (0 additions, 0 deletions, 1 modification)
2024-12-27 16:35:30 [restartedMain] INFO  o.example.spring3.Spring3Application - Starting Spring3Application using Java 17 with PID 3116 (C:\Temp\spring3\build\classes\java\main started by a in C:\Temp\spring3)
2024-12-27 16:35:30 [restartedMain] INFO  o.example.spring3.Spring3Application - No active profile set, falling back to 1 default profile: "default"
2024-12-27 16:35:30 [restartedMain] INFO  o.s.b.w.e.tomcat.TomcatWebServer - Tomcat initialized with port 8888 (http)
2024-12-27 16:35:30 [restartedMain] INFO  o.a.catalina.core.StandardService - Starting service [Tomcat]
2024-12-27 16:35:30 [restartedMain] INFO  o.a.catalina.core.StandardEngine - Starting Servlet engine: [Apache Tomcat/10.1.16]
2024-12-27 16:35:30 [restartedMain] INFO  o.a.c.c.C.[Tomcat].[localhost].[/] - Initializing Spring embedded WebApplicationContext
2024-12-27 16:35:30 [restartedMain] DEBUG o.s.w.s.m.m.a.RequestMappingHandlerMapping - 2 mappings in 'requestMappingHandlerMapping'
2024-12-27 16:35:30 [restartedMain] DEBUG o.s.w.s.h.SimpleUrlHandlerMapping - Patterns [/webjars/**, /**] in 'resourceHandlerMapping'
2024-12-27 16:35:30 [restartedMain] DEBUG o.s.w.s.m.m.a.RequestMappingHandlerAdapter - ControllerAdvice beans: 0 @ModelAttribute, 0 @InitBinder, 1 RequestBodyAdvice, 1 ResponseBodyAdvice
2024-12-27 16:35:30 [restartedMain] DEBUG o.s.w.s.m.m.a.ExceptionHandlerExceptionResolver - ControllerAdvice beans: 0 @ExceptionHandler, 1 ResponseBodyAdvice
2024-12-27 16:35:30 [restartedMain] INFO  o.s.b.d.a.OptionalLiveReloadServer - LiveReload server is running on port 35729
2024-12-27 16:35:30 [restartedMain] INFO  o.s.b.w.e.tomcat.TomcatWebServer - Tomcat started on port 8888 (http) with context path ''
2024-12-27 16:35:30 [restartedMain] INFO  o.example.spring3.Spring3Application - Started Spring3Application in 0.392 seconds (process running for 418.282)
2024-12-27 16:35:30 [restartedMain] INFO  o.s.b.d.a.ConditionEvaluationDeltaLoggingListener - Condition evaluation unchanged
2024-12-27 16:43:17 [File Watcher] INFO  o.s.b.d.a.LocalDevToolsAutoConfiguration$RestartingClassPathChangeChangedEventListener - Restarting due to 1 class path change (1 addition, 0 deletions, 0 modifications)
2024-12-27 16:43:17 [restartedMain] INFO  o.example.spring3.Spring3Application - Starting Spring3Application using Java 17 with PID 3116 (C:\Temp\spring3\build\classes\java\main started by a in C:\Temp\spring3)
2024-12-27 16:43:17 [restartedMain] INFO  o.example.spring3.Spring3Application - No active profile set, falling back to 1 default profile: "default"
2024-12-27 16:43:17 [restartedMain] INFO  o.s.b.w.e.tomcat.TomcatWebServer - Tomcat initialized with port 8888 (http)
2024-12-27 16:43:17 [restartedMain] INFO  o.a.catalina.core.StandardService - Starting service [Tomcat]
2024-12-27 16:43:17 [restartedMain] INFO  o.a.catalina.core.StandardEngine - Starting Servlet engine: [Apache Tomcat/10.1.16]
2024-12-27 16:43:17 [restartedMain] INFO  o.a.c.c.C.[Tomcat].[localhost].[/] - Initializing Spring embedded WebApplicationContext
2024-12-27 16:43:17 [restartedMain] DEBUG o.s.w.s.m.m.a.RequestMappingHandlerMapping - 3 mappings in 'requestMappingHandlerMapping'
2024-12-27 16:43:17 [restartedMain] DEBUG o.s.w.s.h.SimpleUrlHandlerMapping - Patterns [/webjars/**, /**] in 'resourceHandlerMapping'
2024-12-27 16:43:17 [restartedMain] DEBUG o.s.w.s.m.m.a.RequestMappingHandlerAdapter - ControllerAdvice beans: 0 @ModelAttribute, 0 @InitBinder, 1 RequestBodyAdvice, 1 ResponseBodyAdvice
2024-12-27 16:43:17 [restartedMain] DEBUG o.s.w.s.m.m.a.ExceptionHandlerExceptionResolver - ControllerAdvice beans: 0 @ExceptionHandler, 1 ResponseBodyAdvice
2024-12-27 16:43:17 [restartedMain] INFO  o.s.b.d.a.OptionalLiveReloadServer - LiveReload server is running on port 35729
2024-12-27 16:43:17 [restartedMain] INFO  o.s.b.w.e.tomcat.TomcatWebServer - Tomcat started on port 8888 (http) with context path ''
2024-12-27 16:43:17 [restartedMain] INFO  o.example.spring3.Spring3Application - Started Spring3Application in 0.355 seconds (process running for 885.022)
2024-12-27 16:43:17 [restartedMain] INFO  o.s.b.d.a.ConditionEvaluationDeltaLoggingListener - Condition evaluation unchanged
2024-12-27 16:43:48 [File Watcher] INFO  o.s.b.d.a.LocalDevToolsAutoConfiguration$RestartingClassPathChangeChangedEventListener - Restarting due to 2 class path changes (1 addition, 0 deletions, 1 modification)
2024-12-27 16:43:48 [restartedMain] INFO  o.example.spring3.Spring3Application - Starting Spring3Application using Java 17 with PID 3116 (C:\Temp\spring3\build\classes\java\main started by a in C:\Temp\spring3)
2024-12-27 16:43:48 [restartedMain] INFO  o.example.spring3.Spring3Application - No active profile set, falling back to 1 default profile: "default"
2024-12-27 16:43:48 [restartedMain] INFO  o.s.b.w.e.tomcat.TomcatWebServer - Tomcat initialized with port 8888 (http)
2024-12-27 16:43:48 [restartedMain] INFO  o.a.catalina.core.StandardService - Starting service [Tomcat]
2024-12-27 16:43:48 [restartedMain] INFO  o.a.catalina.core.StandardEngine - Starting Servlet engine: [Apache Tomcat/10.1.16]
2024-12-27 16:43:48 [restartedMain] INFO  o.a.c.c.C.[Tomcat].[localhost].[/] - Initializing Spring embedded WebApplicationContext
2024-12-27 16:43:48 [restartedMain] INFO  o.s.b.a.w.s.WelcomePageHandlerMapping - Adding welcome page template: index
2024-12-27 16:43:48 [restartedMain] DEBUG o.s.w.s.m.m.a.RequestMappingHandlerMapping - 3 mappings in 'requestMappingHandlerMapping'
2024-12-27 16:43:48 [restartedMain] DEBUG o.s.w.s.h.SimpleUrlHandlerMapping - Patterns [/webjars/**, /**] in 'resourceHandlerMapping'
2024-12-27 16:43:48 [restartedMain] DEBUG o.s.w.s.m.m.a.RequestMappingHandlerAdapter - ControllerAdvice beans: 0 @ModelAttribute, 0 @InitBinder, 1 RequestBodyAdvice, 1 ResponseBodyAdvice
2024-12-27 16:43:48 [restartedMain] DEBUG o.s.w.s.m.m.a.ExceptionHandlerExceptionResolver - ControllerAdvice beans: 0 @ExceptionHandler, 1 ResponseBodyAdvice
2024-12-27 16:43:48 [restartedMain] INFO  o.s.b.d.a.OptionalLiveReloadServer - LiveReload server is running on port 35729
2024-12-27 16:43:48 [restartedMain] INFO  o.s.b.w.e.tomcat.TomcatWebServer - Tomcat started on port 8888 (http) with context path ''
2024-12-27 16:43:48 [restartedMain] INFO  o.example.spring3.Spring3Application - Started Spring3Application in 0.338 seconds (process running for 916.398)
2024-12-27 16:43:48 [restartedMain] INFO  o.s.b.d.a.ConditionEvaluationDeltaLoggingListener - Condition evaluation unchanged
2024-12-27 16:45:32 [File Watcher] INFO  o.s.b.d.a.LocalDevToolsAutoConfiguration$RestartingClassPathChangeChangedEventListener - Restarting due to 2 class path changes (0 additions, 0 deletions, 2 modifications)
2024-12-27 16:45:32 [restartedMain] INFO  o.example.spring3.Spring3Application - Starting Spring3Application using Java 17 with PID 3116 (C:\Temp\spring3\build\classes\java\main started by a in C:\Temp\spring3)
2024-12-27 16:45:32 [restartedMain] INFO  o.example.spring3.Spring3Application - No active profile set, falling back to 1 default profile: "default"
2024-12-27 16:45:32 [restartedMain] INFO  o.s.b.w.e.tomcat.TomcatWebServer - Tomcat initialized with port 8888 (http)
2024-12-27 16:45:32 [restartedMain] INFO  o.a.catalina.core.StandardService - Starting service [Tomcat]
2024-12-27 16:45:32 [restartedMain] INFO  o.a.catalina.core.StandardEngine - Starting Servlet engine: [Apache Tomcat/10.1.16]
2024-12-27 16:45:32 [restartedMain] INFO  o.a.c.c.C.[Tomcat].[localhost].[/] - Initializing Spring embedded WebApplicationContext
2024-12-27 16:45:32 [restartedMain] INFO  o.s.b.a.w.s.WelcomePageHandlerMapping - Adding welcome page template: index
2024-12-27 16:45:32 [restartedMain] DEBUG o.s.w.s.m.m.a.RequestMappingHandlerMapping - 3 mappings in 'requestMappingHandlerMapping'
2024-12-27 16:45:32 [restartedMain] DEBUG o.s.w.s.h.SimpleUrlHandlerMapping - Patterns [/webjars/**, /**] in 'resourceHandlerMapping'
2024-12-27 16:45:32 [restartedMain] DEBUG o.s.w.s.m.m.a.RequestMappingHandlerAdapter - ControllerAdvice beans: 0 @ModelAttribute, 0 @InitBinder, 1 RequestBodyAdvice, 1 ResponseBodyAdvice
2024-12-27 16:45:32 [restartedMain] DEBUG o.s.w.s.m.m.a.ExceptionHandlerExceptionResolver - ControllerAdvice beans: 0 @ExceptionHandler, 1 ResponseBodyAdvice
2024-12-27 16:45:32 [restartedMain] INFO  o.s.b.d.a.OptionalLiveReloadServer - LiveReload server is running on port 35729
2024-12-27 16:45:32 [restartedMain] INFO  o.s.b.w.e.tomcat.TomcatWebServer - Tomcat started on port 8888 (http) with context path ''
2024-12-27 16:45:32 [restartedMain] INFO  o.example.spring3.Spring3Application - Started Spring3Application in 0.325 seconds (process running for 1020.004)
2024-12-27 16:45:32 [restartedMain] INFO  o.s.b.d.a.ConditionEvaluationDeltaLoggingListener - Condition evaluation unchanged
2024-12-27 16:45:49 [File Watcher] INFO  o.s.b.d.a.LocalDevToolsAutoConfiguration$RestartingClassPathChangeChangedEventListener - Restarting due to 3 class path changes (1 addition, 0 deletions, 2 modifications)
2024-12-27 16:45:49 [restartedMain] INFO  o.example.spring3.Spring3Application - Starting Spring3Application using Java 17 with PID 3116 (C:\Temp\spring3\build\classes\java\main started by a in C:\Temp\spring3)
2024-12-27 16:45:49 [restartedMain] INFO  o.example.spring3.Spring3Application - No active profile set, falling back to 1 default profile: "default"
2024-12-27 16:45:49 [restartedMain] INFO  o.s.b.w.e.tomcat.TomcatWebServer - Tomcat initialized with port 8888 (http)
2024-12-27 16:45:49 [restartedMain] INFO  o.a.catalina.core.StandardService - Starting service [Tomcat]
2024-12-27 16:45:49 [restartedMain] INFO  o.a.catalina.core.StandardEngine - Starting Servlet engine: [Apache Tomcat/10.1.16]
2024-12-27 16:45:49 [restartedMain] INFO  o.a.c.c.C.[Tomcat].[localhost].[/] - Initializing Spring embedded WebApplicationContext
2024-12-27 16:45:49 [restartedMain] INFO  o.s.b.a.w.s.WelcomePageHandlerMapping - Adding welcome page template: index
2024-12-27 16:45:49 [restartedMain] DEBUG o.s.w.s.m.m.a.RequestMappingHandlerMapping - 3 mappings in 'requestMappingHandlerMapping'
2024-12-27 16:45:49 [restartedMain] DEBUG o.s.w.s.h.SimpleUrlHandlerMapping - Patterns [/webjars/**, /**] in 'resourceHandlerMapping'
2024-12-27 16:45:49 [restartedMain] DEBUG o.s.w.s.m.m.a.RequestMappingHandlerAdapter - ControllerAdvice beans: 0 @ModelAttribute, 0 @InitBinder, 1 RequestBodyAdvice, 1 ResponseBodyAdvice
2024-12-27 16:45:49 [restartedMain] DEBUG o.s.w.s.m.m.a.ExceptionHandlerExceptionResolver - ControllerAdvice beans: 0 @ExceptionHandler, 1 ResponseBodyAdvice
2024-12-27 16:45:49 [restartedMain] INFO  o.s.b.d.a.OptionalLiveReloadServer - LiveReload server is running on port 35729
2024-12-27 16:45:49 [restartedMain] INFO  o.s.b.w.e.tomcat.TomcatWebServer - Tomcat started on port 8888 (http) with context path ''
2024-12-27 16:45:49 [restartedMain] INFO  o.example.spring3.Spring3Application - Started Spring3Application in 0.3 seconds (process running for 1037.076)
2024-12-27 16:45:49 [restartedMain] INFO  o.s.b.d.a.ConditionEvaluationDeltaLoggingListener - Condition evaluation unchanged
2024-12-27 16:48:38 [File Watcher] INFO  o.s.b.d.a.LocalDevToolsAutoConfiguration$RestartingClassPathChangeChangedEventListener - Restarting due to 4 class path changes (1 addition, 0 deletions, 3 modifications)
2024-12-27 16:48:38 [restartedMain] INFO  o.example.spring3.Spring3Application - Starting Spring3Application using Java 17 with PID 3116 (C:\Temp\spring3\build\classes\java\main started by a in C:\Temp\spring3)
2024-12-27 16:48:38 [restartedMain] INFO  o.example.spring3.Spring3Application - No active profile set, falling back to 1 default profile: "default"
2024-12-27 16:48:39 [restartedMain] INFO  o.s.b.w.e.tomcat.TomcatWebServer - Tomcat initialized with port 8888 (http)
2024-12-27 16:48:39 [restartedMain] INFO  o.a.catalina.core.StandardService - Starting service [Tomcat]
2024-12-27 16:48:39 [restartedMain] INFO  o.a.catalina.core.StandardEngine - Starting Servlet engine: [Apache Tomcat/10.1.16]
2024-12-27 16:48:39 [restartedMain] INFO  o.a.c.c.C.[Tomcat].[localhost].[/] - Initializing Spring embedded WebApplicationContext
2024-12-27 16:48:39 [restartedMain] INFO  o.s.b.a.w.s.WelcomePageHandlerMapping - Adding welcome page template: index
2024-12-27 16:48:39 [restartedMain] DEBUG o.s.w.s.m.m.a.RequestMappingHandlerMapping - 3 mappings in 'requestMappingHandlerMapping'
2024-12-27 16:48:39 [restartedMain] DEBUG o.s.w.s.h.SimpleUrlHandlerMapping - Patterns [/webjars/**, /**] in 'resourceHandlerMapping'
2024-12-27 16:48:39 [restartedMain] DEBUG o.s.w.s.m.m.a.RequestMappingHandlerAdapter - ControllerAdvice beans: 0 @ModelAttribute, 0 @InitBinder, 1 RequestBodyAdvice, 1 ResponseBodyAdvice
2024-12-27 16:48:39 [restartedMain] DEBUG o.s.w.s.m.m.a.ExceptionHandlerExceptionResolver - ControllerAdvice beans: 0 @ExceptionHandler, 1 ResponseBodyAdvice
2024-12-27 16:48:39 [restartedMain] INFO  o.s.b.d.a.OptionalLiveReloadServer - LiveReload server is running on port 35729
2024-12-27 16:48:39 [restartedMain] INFO  o.s.b.w.e.tomcat.TomcatWebServer - Tomcat started on port 8888 (http) with context path ''
2024-12-27 16:48:39 [restartedMain] INFO  o.example.spring3.Spring3Application - Started Spring3Application in 0.323 seconds (process running for 1206.822)
2024-12-27 16:48:39 [restartedMain] INFO  o.s.b.d.a.ConditionEvaluationDeltaLoggingListener - Condition evaluation unchanged
2024-12-27 16:49:57 [File Watcher] INFO  o.s.b.d.a.LocalDevToolsAutoConfiguration$RestartingClassPathChangeChangedEventListener - Restarting due to 13 class path changes (9 additions, 0 deletions, 4 modifications)
2024-12-27 16:49:58 [restartedMain] INFO  o.example.spring3.Spring3Application - Starting Spring3Application using Java 17 with PID 3116 (C:\Temp\spring3\build\classes\java\main started by a in C:\Temp\spring3)
2024-12-27 16:49:58 [restartedMain] INFO  o.example.spring3.Spring3Application - No active profile set, falling back to 1 default profile: "default"
2024-12-27 16:49:58 [restartedMain] INFO  o.s.b.w.e.tomcat.TomcatWebServer - Tomcat initialized with port 8888 (http)
2024-12-27 16:49:58 [restartedMain] INFO  o.a.catalina.core.StandardService - Starting service [Tomcat]
2024-12-27 16:49:58 [restartedMain] INFO  o.a.catalina.core.StandardEngine - Starting Servlet engine: [Apache Tomcat/10.1.16]
2024-12-27 16:49:58 [restartedMain] INFO  o.a.c.c.C.[Tomcat].[localhost].[/] - Initializing Spring embedded WebApplicationContext
2024-12-27 16:49:58 [restartedMain] INFO  o.s.b.a.w.s.WelcomePageHandlerMapping - Adding welcome page template: index
2024-12-27 16:49:58 [restartedMain] DEBUG o.s.w.s.m.m.a.RequestMappingHandlerMapping - 3 mappings in 'requestMappingHandlerMapping'
2024-12-27 16:49:58 [restartedMain] DEBUG o.s.w.s.h.SimpleUrlHandlerMapping - Patterns [/webjars/**, /**] in 'resourceHandlerMapping'
2024-12-27 16:49:58 [restartedMain] DEBUG o.s.w.s.m.m.a.RequestMappingHandlerAdapter - ControllerAdvice beans: 0 @ModelAttribute, 0 @InitBinder, 1 RequestBodyAdvice, 1 ResponseBodyAdvice
2024-12-27 16:49:58 [restartedMain] DEBUG o.s.w.s.m.m.a.ExceptionHandlerExceptionResolver - ControllerAdvice beans: 0 @ExceptionHandler, 1 ResponseBodyAdvice
2024-12-27 16:49:58 [restartedMain] INFO  o.s.b.d.a.OptionalLiveReloadServer - LiveReload server is running on port 35729
2024-12-27 16:49:58 [restartedMain] INFO  o.s.b.w.e.tomcat.TomcatWebServer - Tomcat started on port 8888 (http) with context path ''
2024-12-27 16:49:58 [restartedMain] INFO  o.example.spring3.Spring3Application - Started Spring3Application in 0.288 seconds (process running for 1285.86)
2024-12-27 16:49:58 [restartedMain] INFO  o.s.b.d.a.ConditionEvaluationDeltaLoggingListener - Condition evaluation unchanged
2024-12-27 16:50:26 [restartedMain] INFO  o.example.spring3.Spring3Application - Starting Spring3Application using Java 17 with PID 12932 (C:\Temp\spring3\build\classes\java\main started by a in C:\Temp\spring3)
2024-12-27 16:50:26 [restartedMain] INFO  o.example.spring3.Spring3Application - No active profile set, falling back to 1 default profile: "default"
2024-12-27 16:50:26 [restartedMain] INFO  o.s.b.d.e.DevToolsPropertyDefaultsPostProcessor - Devtools property defaults active! Set 'spring.devtools.add-properties' to 'false' to disable
2024-12-27 16:50:26 [restartedMain] INFO  o.s.b.d.e.DevToolsPropertyDefaultsPostProcessor - For additional web related logging consider setting the 'logging.level.web' property to 'DEBUG'
2024-12-27 16:50:27 [restartedMain] INFO  o.s.b.w.e.tomcat.TomcatWebServer - Tomcat initialized with port 8888 (http)
2024-12-27 16:50:27 [restartedMain] INFO  o.a.catalina.core.StandardService - Starting service [Tomcat]
2024-12-27 16:50:27 [restartedMain] INFO  o.a.catalina.core.StandardEngine - Starting Servlet engine: [Apache Tomcat/10.1.16]
2024-12-27 16:50:28 [restartedMain] INFO  o.a.c.c.C.[Tomcat].[localhost].[/] - Initializing Spring embedded WebApplicationContext
2024-12-27 16:50:28 [restartedMain] INFO  o.s.b.a.w.s.WelcomePageHandlerMapping - Adding welcome page template: index
2024-12-27 16:50:28 [restartedMain] DEBUG o.s.w.s.m.m.a.RequestMappingHandlerMapping - 3 mappings in 'requestMappingHandlerMapping'
2024-12-27 16:50:28 [restartedMain] DEBUG o.s.w.s.h.SimpleUrlHandlerMapping - Patterns [/webjars/**, /**] in 'resourceHandlerMapping'
2024-12-27 16:50:28 [restartedMain] DEBUG o.s.w.s.m.m.a.RequestMappingHandlerAdapter - ControllerAdvice beans: 0 @ModelAttribute, 0 @InitBinder, 1 RequestBodyAdvice, 1 ResponseBodyAdvice
2024-12-27 16:50:28 [restartedMain] DEBUG o.s.w.s.m.m.a.ExceptionHandlerExceptionResolver - ControllerAdvice beans: 0 @ExceptionHandler, 1 ResponseBodyAdvice
2024-12-27 16:50:28 [restartedMain] INFO  o.s.b.d.a.OptionalLiveReloadServer - LiveReload server is running on port 35729
2024-12-27 16:50:28 [restartedMain] INFO  o.s.b.w.e.tomcat.TomcatWebServer - Tomcat started on port 8888 (http) with context path ''
2024-12-27 16:50:28 [restartedMain] INFO  o.example.spring3.Spring3Application - Started Spring3Application in 2.221 seconds (process running for 2.829)
2024-12-27 16:50:30 [http-nio-8888-exec-1] INFO  o.a.c.c.C.[Tomcat].[localhost].[/] - Initializing Spring DispatcherServlet 'dispatcherServlet'
2024-12-27 16:50:30 [http-nio-8888-exec-1] INFO  o.s.web.servlet.DispatcherServlet - Initializing Servlet 'dispatcherServlet'
2024-12-27 16:50:30 [http-nio-8888-exec-1] DEBUG o.s.web.servlet.DispatcherServlet - Detected StandardServletMultipartResolver
2024-12-27 16:50:30 [http-nio-8888-exec-1] DEBUG o.s.web.servlet.DispatcherServlet - Detected AcceptHeaderLocaleResolver
2024-12-27 16:50:30 [http-nio-8888-exec-1] DEBUG o.s.web.servlet.DispatcherServlet - Detected FixedThemeResolver
2024-12-27 16:50:30 [http-nio-8888-exec-1] DEBUG o.s.web.servlet.DispatcherServlet - Detected org.springframework.web.servlet.view.DefaultRequestToViewNameTranslator@526e03a0
2024-12-27 16:50:30 [http-nio-8888-exec-1] DEBUG o.s.web.servlet.DispatcherServlet - Detected org.springframework.web.servlet.support.SessionFlashMapManager@2b55cc0
2024-12-27 16:50:30 [http-nio-8888-exec-1] DEBUG o.s.web.servlet.DispatcherServlet - enableLoggingRequestDetails='false': request parameters and headers will be masked to prevent unsafe logging of potentially sensitive data
2024-12-27 16:50:30 [http-nio-8888-exec-1] INFO  o.s.web.servlet.DispatcherServlet - Completed initialization in 5 ms
2024-12-27 16:50:30 [http-nio-8888-exec-1] DEBUG o.s.web.servlet.DispatcherServlet - GET "/", parameters={}
2024-12-27 16:50:30 [http-nio-8888-exec-1] DEBUG o.s.w.s.m.m.a.RequestMappingHandlerMapping - Mapped to org.example.spring3.common.HomeController#index()
2024-12-27 16:50:30 [http-nio-8888-exec-1] INFO  o.e.spring3.common.HomeController - index-------------------
2024-12-27 16:50:30 [http-nio-8888-exec-1] DEBUG o.s.w.s.v.ContentNegotiatingViewResolver - Selected 'text/html' given [text/html, application/xhtml+xml, image/avif, image/webp, image/apng, application/xml;q=0.9, */*;q=0.8, application/signed-exchange;v=b3;q=0.7]
2024-12-27 16:50:31 [http-nio-8888-exec-1] DEBUG o.s.web.servlet.DispatcherServlet - Completed 200 OK
2024-12-27 16:50:31 [http-nio-8888-exec-2] DEBUG o.s.web.servlet.DispatcherServlet - GET "/css/project.css", parameters={}
2024-12-27 16:50:31 [http-nio-8888-exec-3] DEBUG o.s.web.servlet.DispatcherServlet - GET "/img/bye.png", parameters={}
2024-12-27 16:50:31 [http-nio-8888-exec-2] DEBUG o.s.w.s.h.SimpleUrlHandlerMapping - Mapped to ResourceHttpRequestHandler [classpath [META-INF/resources/], classpath [resources/], classpath [static/], classpath [public/], ServletContext [/]]
2024-12-27 16:50:31 [http-nio-8888-exec-3] DEBUG o.s.w.s.h.SimpleUrlHandlerMapping - Mapped to ResourceHttpRequestHandler [classpath [META-INF/resources/], classpath [resources/], classpath [static/], classpath [public/], ServletContext [/]]
2024-12-27 16:50:31 [http-nio-8888-exec-3] DEBUG o.s.web.servlet.DispatcherServlet - Completed 200 OK
2024-12-27 16:50:31 [http-nio-8888-exec-2] DEBUG o.s.web.servlet.DispatcherServlet - Completed 200 OK
2024-12-27 16:50:31 [http-nio-8888-exec-4] DEBUG o.s.web.servlet.DispatcherServlet - GET "/img/member.png", parameters={}
2024-12-27 16:50:31 [http-nio-8888-exec-4] DEBUG o.s.w.s.h.SimpleUrlHandlerMapping - Mapped to ResourceHttpRequestHandler [classpath [META-INF/resources/], classpath [resources/], classpath [static/], classpath [public/], ServletContext [/]]
2024-12-27 16:50:31 [http-nio-8888-exec-5] DEBUG o.s.web.servlet.DispatcherServlet - GET "/img/board.png", parameters={}
2024-12-27 16:50:31 [http-nio-8888-exec-5] DEBUG o.s.w.s.h.SimpleUrlHandlerMapping - Mapped to ResourceHttpRequestHandler [classpath [META-INF/resources/], classpath [resources/], classpath [static/], classpath [public/], ServletContext [/]]
2024-12-27 16:50:31 [http-nio-8888-exec-7] DEBUG o.s.web.servlet.DispatcherServlet - GET "/img/cart.png", parameters={}
2024-12-27 16:50:31 [http-nio-8888-exec-7] DEBUG o.s.w.s.h.SimpleUrlHandlerMapping - Mapped to ResourceHttpRequestHandler [classpath [META-INF/resources/], classpath [resources/], classpath [static/], classpath [public/], ServletContext [/]]
2024-12-27 16:50:31 [http-nio-8888-exec-8] DEBUG o.s.web.servlet.DispatcherServlet - GET "/img/bye.png", parameters={}
2024-12-27 16:50:31 [http-nio-8888-exec-8] DEBUG o.s.w.s.h.SimpleUrlHandlerMapping - Mapped to ResourceHttpRequestHandler [classpath [META-INF/resources/], classpath [resources/], classpath [static/], classpath [public/], ServletContext [/]]
2024-12-27 16:50:31 [http-nio-8888-exec-4] DEBUG o.s.web.servlet.DispatcherServlet - Completed 200 OK
2024-12-27 16:50:31 [http-nio-8888-exec-6] DEBUG o.s.web.servlet.DispatcherServlet - GET "/img/product.png", parameters={}
2024-12-27 16:50:31 [http-nio-8888-exec-7] DEBUG o.s.web.servlet.DispatcherServlet - Completed 200 OK
2024-12-27 16:50:31 [http-nio-8888-exec-6] DEBUG o.s.w.s.h.SimpleUrlHandlerMapping - Mapped to ResourceHttpRequestHandler [classpath [META-INF/resources/], classpath [resources/], classpath [static/], classpath [public/], ServletContext [/]]
2024-12-27 16:50:31 [http-nio-8888-exec-8] DEBUG o.s.web.servlet.DispatcherServlet - Completed 200 OK
2024-12-27 16:50:31 [http-nio-8888-exec-5] DEBUG o.s.web.servlet.DispatcherServlet - Completed 200 OK
2024-12-27 16:50:31 [http-nio-8888-exec-6] DEBUG o.s.web.servlet.DispatcherServlet - Completed 200 OK
2024-12-27 17:29:19 [File Watcher] INFO  o.s.b.d.a.LocalDevToolsAutoConfiguration$RestartingClassPathChangeChangedEventListener - Restarting due to 14 class path changes (1 addition, 0 deletions, 13 modifications)
2024-12-27 17:29:20 [restartedMain] INFO  o.example.spring3.Spring3Application - Starting Spring3Application using Java 17 with PID 12932 (C:\Temp\spring3\build\classes\java\main started by a in C:\Temp\spring3)
2024-12-27 17:29:20 [restartedMain] INFO  o.example.spring3.Spring3Application - No active profile set, falling back to 1 default profile: "default"
2024-12-27 17:29:20 [restartedMain] INFO  o.s.b.w.e.tomcat.TomcatWebServer - Tomcat initialized with port 8888 (http)
2024-12-27 17:29:20 [restartedMain] INFO  o.a.catalina.core.StandardService - Starting service [Tomcat]
2024-12-27 17:29:20 [restartedMain] INFO  o.a.catalina.core.StandardEngine - Starting Servlet engine: [Apache Tomcat/10.1.16]
2024-12-27 17:29:20 [restartedMain] INFO  o.a.c.c.C.[Tomcat].[localhost].[/] - Initializing Spring embedded WebApplicationContext
2024-12-27 17:29:20 [restartedMain] INFO  o.s.b.a.w.s.WelcomePageHandlerMapping - Adding welcome page template: index
2024-12-27 17:29:20 [restartedMain] DEBUG o.s.w.s.m.m.a.RequestMappingHandlerMapping - 3 mappings in 'requestMappingHandlerMapping'
2024-12-27 17:29:20 [restartedMain] DEBUG o.s.w.s.h.SimpleUrlHandlerMapping - Patterns [/webjars/**, /**] in 'resourceHandlerMapping'
2024-12-27 17:29:20 [restartedMain] DEBUG o.s.w.s.m.m.a.RequestMappingHandlerAdapter - ControllerAdvice beans: 0 @ModelAttribute, 0 @InitBinder, 1 RequestBodyAdvice, 1 ResponseBodyAdvice
2024-12-27 17:29:20 [restartedMain] DEBUG o.s.w.s.m.m.a.ExceptionHandlerExceptionResolver - ControllerAdvice beans: 0 @ExceptionHandler, 1 ResponseBodyAdvice
2024-12-27 17:29:20 [restartedMain] INFO  o.s.b.d.a.OptionalLiveReloadServer - LiveReload server is running on port 35729
2024-12-27 17:29:20 [restartedMain] INFO  o.s.b.w.e.tomcat.TomcatWebServer - Tomcat started on port 8888 (http) with context path ''
2024-12-27 17:29:20 [restartedMain] INFO  o.example.spring3.Spring3Application - Started Spring3Application in 0.39 seconds (process running for 2334.805)
2024-12-27 17:29:20 [restartedMain] INFO  o.s.b.d.a.ConditionEvaluationDeltaLoggingListener - Condition evaluation unchanged
2024-12-27 17:31:48 [File Watcher] INFO  o.s.b.d.a.LocalDevToolsAutoConfiguration$RestartingClassPathChangeChangedEventListener - Restarting due to 14 class path changes (0 additions, 0 deletions, 14 modifications)
2024-12-27 17:31:48 [restartedMain] INFO  o.example.spring3.Spring3Application - Starting Spring3Application using Java 17 with PID 12932 (C:\Temp\spring3\build\classes\java\main started by a in C:\Temp\spring3)
2024-12-27 17:31:48 [restartedMain] INFO  o.example.spring3.Spring3Application - No active profile set, falling back to 1 default profile: "default"
2024-12-27 17:31:49 [restartedMain] INFO  o.s.b.w.e.tomcat.TomcatWebServer - Tomcat initialized with port 8888 (http)
2024-12-27 17:31:49 [restartedMain] INFO  o.a.catalina.core.StandardService - Starting service [Tomcat]
2024-12-27 17:31:49 [restartedMain] INFO  o.a.catalina.core.StandardEngine - Starting Servlet engine: [Apache Tomcat/10.1.16]
2024-12-27 17:31:49 [restartedMain] INFO  o.a.c.c.C.[Tomcat].[localhost].[/] - Initializing Spring embedded WebApplicationContext
2024-12-27 17:31:49 [restartedMain] INFO  o.s.b.a.w.s.WelcomePageHandlerMapping - Adding welcome page template: index
2024-12-27 17:31:49 [restartedMain] DEBUG o.s.w.s.m.m.a.RequestMappingHandlerMapping - 3 mappings in 'requestMappingHandlerMapping'
2024-12-27 17:31:49 [restartedMain] DEBUG o.s.w.s.h.SimpleUrlHandlerMapping - Patterns [/webjars/**, /**] in 'resourceHandlerMapping'
2024-12-27 17:31:49 [restartedMain] DEBUG o.s.w.s.m.m.a.RequestMappingHandlerAdapter - ControllerAdvice beans: 0 @ModelAttribute, 0 @InitBinder, 1 RequestBodyAdvice, 1 ResponseBodyAdvice
2024-12-27 17:31:49 [restartedMain] DEBUG o.s.w.s.m.m.a.ExceptionHandlerExceptionResolver - ControllerAdvice beans: 0 @ExceptionHandler, 1 ResponseBodyAdvice
2024-12-27 17:31:49 [restartedMain] INFO  o.s.b.d.a.OptionalLiveReloadServer - LiveReload server is running on port 35729
2024-12-27 17:31:49 [restartedMain] INFO  o.s.b.w.e.tomcat.TomcatWebServer - Tomcat started on port 8888 (http) with context path ''
2024-12-27 17:31:49 [restartedMain] INFO  o.example.spring3.Spring3Application - Started Spring3Application in 0.493 seconds (process running for 2483.531)
2024-12-27 17:31:49 [restartedMain] INFO  o.s.b.d.a.ConditionEvaluationDeltaLoggingListener - Condition evaluation unchanged
2024-12-27 17:33:34 [File Watcher] INFO  o.s.b.d.a.LocalDevToolsAutoConfiguration$RestartingClassPathChangeChangedEventListener - Restarting due to 14 class path changes (0 additions, 0 deletions, 14 modifications)
2024-12-27 17:33:34 [restartedMain] INFO  o.example.spring3.Spring3Application - Starting Spring3Application using Java 17 with PID 12932 (C:\Temp\spring3\build\classes\java\main started by a in C:\Temp\spring3)
2024-12-27 17:33:34 [restartedMain] INFO  o.example.spring3.Spring3Application - No active profile set, falling back to 1 default profile: "default"
2024-12-27 17:33:34 [restartedMain] INFO  o.s.b.w.e.tomcat.TomcatWebServer - Tomcat initialized with port 8888 (http)
2024-12-27 17:33:34 [restartedMain] INFO  o.a.catalina.core.StandardService - Starting service [Tomcat]
2024-12-27 17:33:34 [restartedMain] INFO  o.a.catalina.core.StandardEngine - Starting Servlet engine: [Apache Tomcat/10.1.16]
2024-12-27 17:33:34 [restartedMain] INFO  o.a.c.c.C.[Tomcat].[localhost].[/] - Initializing Spring embedded WebApplicationContext
2024-12-27 17:33:34 [restartedMain] INFO  o.s.b.a.w.s.WelcomePageHandlerMapping - Adding welcome page template: index
2024-12-27 17:33:34 [restartedMain] DEBUG o.s.w.s.m.m.a.RequestMappingHandlerMapping - 3 mappings in 'requestMappingHandlerMapping'
2024-12-27 17:33:34 [restartedMain] DEBUG o.s.w.s.h.SimpleUrlHandlerMapping - Patterns [/webjars/**, /**] in 'resourceHandlerMapping'
2024-12-27 17:33:34 [restartedMain] DEBUG o.s.w.s.m.m.a.RequestMappingHandlerAdapter - ControllerAdvice beans: 0 @ModelAttribute, 0 @InitBinder, 1 RequestBodyAdvice, 1 ResponseBodyAdvice
2024-12-27 17:33:34 [restartedMain] DEBUG o.s.w.s.m.m.a.ExceptionHandlerExceptionResolver - ControllerAdvice beans: 0 @ExceptionHandler, 1 ResponseBodyAdvice
2024-12-27 17:33:35 [restartedMain] INFO  o.s.b.d.a.OptionalLiveReloadServer - LiveReload server is running on port 35729
2024-12-27 17:33:35 [restartedMain] INFO  o.s.b.w.e.tomcat.TomcatWebServer - Tomcat started on port 8888 (http) with context path ''
2024-12-27 17:33:35 [restartedMain] INFO  o.example.spring3.Spring3Application - Started Spring3Application in 0.333 seconds (process running for 2589.356)
2024-12-27 17:33:35 [restartedMain] INFO  o.s.b.d.a.ConditionEvaluationDeltaLoggingListener - Condition evaluation unchanged
2024-12-27 17:42:58 [restartedMain] INFO  o.example.spring3.Spring3Application - Starting Spring3Application using Java 17 with PID 10512 (C:\Temp\spring3\build\classes\java\main started by a in C:\Temp\spring3)
2024-12-27 17:42:58 [restartedMain] INFO  o.example.spring3.Spring3Application - No active profile set, falling back to 1 default profile: "default"
2024-12-27 17:42:59 [restartedMain] INFO  o.s.b.d.e.DevToolsPropertyDefaultsPostProcessor - Devtools property defaults active! Set 'spring.devtools.add-properties' to 'false' to disable
2024-12-27 17:42:59 [restartedMain] INFO  o.s.b.d.e.DevToolsPropertyDefaultsPostProcessor - For additional web related logging consider setting the 'logging.level.web' property to 'DEBUG'
2024-12-27 17:42:59 [restartedMain] INFO  o.s.b.w.e.tomcat.TomcatWebServer - Tomcat initialized with port 8888 (http)
2024-12-27 17:42:59 [restartedMain] INFO  o.a.catalina.core.StandardService - Starting service [Tomcat]
2024-12-27 17:42:59 [restartedMain] INFO  o.a.catalina.core.StandardEngine - Starting Servlet engine: [Apache Tomcat/10.1.16]
2024-12-27 17:42:59 [restartedMain] INFO  o.a.c.c.C.[Tomcat].[localhost].[/] - Initializing Spring embedded WebApplicationContext
2024-12-27 17:43:00 [restartedMain] INFO  o.s.b.a.w.s.WelcomePageHandlerMapping - Adding welcome page template: index
2024-12-27 17:43:00 [restartedMain] DEBUG o.s.w.s.m.m.a.RequestMappingHandlerMapping - 4 mappings in 'requestMappingHandlerMapping'
2024-12-27 17:43:00 [restartedMain] DEBUG o.s.w.s.h.SimpleUrlHandlerMapping - Patterns [/webjars/**, /**] in 'resourceHandlerMapping'
2024-12-27 17:43:00 [restartedMain] DEBUG o.s.w.s.m.m.a.RequestMappingHandlerAdapter - ControllerAdvice beans: 0 @ModelAttribute, 0 @InitBinder, 1 RequestBodyAdvice, 1 ResponseBodyAdvice
2024-12-27 17:43:00 [restartedMain] DEBUG o.s.w.s.m.m.a.ExceptionHandlerExceptionResolver - ControllerAdvice beans: 0 @ExceptionHandler, 1 ResponseBodyAdvice
2024-12-27 17:43:00 [restartedMain] INFO  o.s.b.d.a.OptionalLiveReloadServer - LiveReload server is running on port 35729
2024-12-27 17:43:00 [restartedMain] INFO  o.s.b.w.e.tomcat.TomcatWebServer - Tomcat started on port 8888 (http) with context path ''
2024-12-27 17:43:00 [restartedMain] INFO  o.example.spring3.Spring3Application - Started Spring3Application in 2.034 seconds (process running for 2.678)
2024-12-27 17:43:02 [http-nio-8888-exec-1] INFO  o.a.c.c.C.[Tomcat].[localhost].[/] - Initializing Spring DispatcherServlet 'dispatcherServlet'
2024-12-27 17:43:02 [http-nio-8888-exec-1] INFO  o.s.web.servlet.DispatcherServlet - Initializing Servlet 'dispatcherServlet'
2024-12-27 17:43:02 [http-nio-8888-exec-1] DEBUG o.s.web.servlet.DispatcherServlet - Detected StandardServletMultipartResolver
2024-12-27 17:43:02 [http-nio-8888-exec-1] DEBUG o.s.web.servlet.DispatcherServlet - Detected AcceptHeaderLocaleResolver
2024-12-27 17:43:02 [http-nio-8888-exec-1] DEBUG o.s.web.servlet.DispatcherServlet - Detected FixedThemeResolver
2024-12-27 17:43:02 [http-nio-8888-exec-1] DEBUG o.s.web.servlet.DispatcherServlet - Detected org.springframework.web.servlet.view.DefaultRequestToViewNameTranslator@72a32197
2024-12-27 17:43:02 [http-nio-8888-exec-1] DEBUG o.s.web.servlet.DispatcherServlet - Detected org.springframework.web.servlet.support.SessionFlashMapManager@6ad50201
2024-12-27 17:43:02 [http-nio-8888-exec-1] DEBUG o.s.web.servlet.DispatcherServlet - enableLoggingRequestDetails='false': request parameters and headers will be masked to prevent unsafe logging of potentially sensitive data
2024-12-27 17:43:02 [http-nio-8888-exec-1] INFO  o.s.web.servlet.DispatcherServlet - Completed initialization in 5 ms
2024-12-27 17:43:02 [http-nio-8888-exec-1] DEBUG o.s.web.servlet.DispatcherServlet - GET "/", parameters={}
2024-12-27 17:43:02 [http-nio-8888-exec-1] DEBUG o.s.w.s.m.m.a.RequestMappingHandlerMapping - Mapped to org.example.spring3.common.HomeController#index()
2024-12-27 17:43:02 [http-nio-8888-exec-1] INFO  o.e.spring3.common.HomeController - index-------------------
2024-12-27 17:43:02 [http-nio-8888-exec-1] DEBUG o.s.w.s.v.ContentNegotiatingViewResolver - Selected 'text/html' given [text/html, application/xhtml+xml, image/avif, image/webp, image/apng, application/xml;q=0.9, */*;q=0.8, application/signed-exchange;v=b3;q=0.7]
2024-12-27 17:43:03 [http-nio-8888-exec-1] DEBUG o.s.web.servlet.DispatcherServlet - Completed 200 OK
2024-12-27 17:43:03 [http-nio-8888-exec-2] DEBUG o.s.web.servlet.DispatcherServlet - GET "/css/project.css", parameters={}
2024-12-27 17:43:03 [http-nio-8888-exec-3] DEBUG o.s.web.servlet.DispatcherServlet - GET "/img/bye.png", parameters={}
2024-12-27 17:43:03 [http-nio-8888-exec-3] DEBUG o.s.w.s.h.SimpleUrlHandlerMapping - Mapped to ResourceHttpRequestHandler [classpath [META-INF/resources/], classpath [resources/], classpath [static/], classpath [public/], ServletContext [/]]
2024-12-27 17:43:03 [http-nio-8888-exec-2] DEBUG o.s.w.s.h.SimpleUrlHandlerMapping - Mapped to ResourceHttpRequestHandler [classpath [META-INF/resources/], classpath [resources/], classpath [static/], classpath [public/], ServletContext [/]]
2024-12-27 17:43:03 [http-nio-8888-exec-2] DEBUG o.s.web.servlet.DispatcherServlet - Completed 200 OK
2024-12-27 17:43:03 [http-nio-8888-exec-3] DEBUG o.s.web.servlet.DispatcherServlet - Completed 200 OK
2024-12-27 17:43:03 [http-nio-8888-exec-4] DEBUG o.s.web.servlet.DispatcherServlet - GET "/img/member.png", parameters={}
2024-12-27 17:43:03 [http-nio-8888-exec-4] DEBUG o.s.w.s.h.SimpleUrlHandlerMapping - Mapped to ResourceHttpRequestHandler [classpath [META-INF/resources/], classpath [resources/], classpath [static/], classpath [public/], ServletContext [/]]
2024-12-27 17:43:03 [http-nio-8888-exec-5] DEBUG o.s.web.servlet.DispatcherServlet - GET "/img/board.png", parameters={}
2024-12-27 17:43:03 [http-nio-8888-exec-5] DEBUG o.s.w.s.h.SimpleUrlHandlerMapping - Mapped to ResourceHttpRequestHandler [classpath [META-INF/resources/], classpath [resources/], classpath [static/], classpath [public/], ServletContext [/]]
2024-12-27 17:43:03 [http-nio-8888-exec-6] DEBUG o.s.web.servlet.DispatcherServlet - GET "/img/product.png", parameters={}
2024-12-27 17:43:03 [http-nio-8888-exec-6] DEBUG o.s.w.s.h.SimpleUrlHandlerMapping - Mapped to ResourceHttpRequestHandler [classpath [META-INF/resources/], classpath [resources/], classpath [static/], classpath [public/], ServletContext [/]]
2024-12-27 17:43:03 [http-nio-8888-exec-4] DEBUG o.s.web.servlet.DispatcherServlet - Completed 200 OK
2024-12-27 17:43:03 [http-nio-8888-exec-7] DEBUG o.s.web.servlet.DispatcherServlet - GET "/img/cart.png", parameters={}
2024-12-27 17:43:03 [http-nio-8888-exec-4] DEBUG o.s.web.servlet.DispatcherServlet - GET "/img/bye.png", parameters={}
2024-12-27 17:43:03 [http-nio-8888-exec-7] DEBUG o.s.w.s.h.SimpleUrlHandlerMapping - Mapped to ResourceHttpRequestHandler [classpath [META-INF/resources/], classpath [resources/], classpath [static/], classpath [public/], ServletContext [/]]
2024-12-27 17:43:03 [http-nio-8888-exec-4] DEBUG o.s.w.s.h.SimpleUrlHandlerMapping - Mapped to ResourceHttpRequestHandler [classpath [META-INF/resources/], classpath [resources/], classpath [static/], classpath [public/], ServletContext [/]]
2024-12-27 17:43:03 [http-nio-8888-exec-5] DEBUG o.s.web.servlet.DispatcherServlet - Completed 200 OK
2024-12-27 17:43:03 [http-nio-8888-exec-6] DEBUG o.s.web.servlet.DispatcherServlet - Completed 200 OK
2024-12-27 17:43:03 [http-nio-8888-exec-7] DEBUG o.s.web.servlet.DispatcherServlet - Completed 200 OK
2024-12-27 17:43:03 [http-nio-8888-exec-4] DEBUG o.s.web.servlet.DispatcherServlet - Completed 200 OK
2024-12-27 17:43:06 [http-nio-8888-exec-9] DEBUG o.s.web.servlet.DispatcherServlet - GET "/", parameters={}
2024-12-27 17:43:06 [http-nio-8888-exec-9] DEBUG o.s.w.s.m.m.a.RequestMappingHandlerMapping - Mapped to org.example.spring3.common.HomeController#index()
2024-12-27 17:43:06 [http-nio-8888-exec-9] INFO  o.e.spring3.common.HomeController - index-------------------
2024-12-27 17:43:06 [http-nio-8888-exec-9] DEBUG o.s.w.s.v.ContentNegotiatingViewResolver - Selected 'text/html' given [text/html, application/xhtml+xml, image/avif, image/webp, image/apng, application/xml;q=0.9, */*;q=0.8, application/signed-exchange;v=b3;q=0.7]
2024-12-27 17:43:06 [http-nio-8888-exec-9] DEBUG o.s.web.servlet.DispatcherServlet - Completed 200 OK
2024-12-27 17:43:06 [http-nio-8888-exec-10] DEBUG o.s.web.servlet.DispatcherServlet - GET "/css/project.css", parameters={}
2024-12-27 17:43:06 [http-nio-8888-exec-1] DEBUG o.s.web.servlet.DispatcherServlet - GET "/img/bye.png", parameters={}
2024-12-27 17:43:06 [http-nio-8888-exec-10] DEBUG o.s.w.s.h.SimpleUrlHandlerMapping - Mapped to ResourceHttpRequestHandler [classpath [META-INF/resources/], classpath [resources/], classpath [static/], classpath [public/], ServletContext [/]]
2024-12-27 17:43:06 [http-nio-8888-exec-1] DEBUG o.s.w.s.h.SimpleUrlHandlerMapping - Mapped to ResourceHttpRequestHandler [classpath [META-INF/resources/], classpath [resources/], classpath [static/], classpath [public/], ServletContext [/]]
2024-12-27 17:43:06 [http-nio-8888-exec-10] DEBUG o.s.web.servlet.DispatcherServlet - Completed 200 OK
2024-12-27 17:43:06 [http-nio-8888-exec-1] DEBUG o.s.web.servlet.DispatcherServlet - Completed 200 OK
2024-12-27 17:43:06 [http-nio-8888-exec-2] DEBUG o.s.web.servlet.DispatcherServlet - GET "/img/member.png", parameters={}
2024-12-27 17:43:06 [http-nio-8888-exec-2] DEBUG o.s.w.s.h.SimpleUrlHandlerMapping - Mapped to ResourceHttpRequestHandler [classpath [META-INF/resources/], classpath [resources/], classpath [static/], classpath [public/], ServletContext [/]]
2024-12-27 17:43:06 [http-nio-8888-exec-5] DEBUG o.s.web.servlet.DispatcherServlet - GET "/img/cart.png", parameters={}
2024-12-27 17:43:06 [http-nio-8888-exec-8] DEBUG o.s.web.servlet.DispatcherServlet - GET "/img/product.png", parameters={}
2024-12-27 17:43:06 [http-nio-8888-exec-3] DEBUG o.s.web.servlet.DispatcherServlet - GET "/img/board.png", parameters={}
2024-12-27 17:43:06 [http-nio-8888-exec-2] DEBUG o.s.web.servlet.DispatcherServlet - Completed 200 OK
2024-12-27 17:43:06 [http-nio-8888-exec-8] DEBUG o.s.w.s.h.SimpleUrlHandlerMapping - Mapped to ResourceHttpRequestHandler [classpath [META-INF/resources/], classpath [resources/], classpath [static/], classpath [public/], ServletContext [/]]
2024-12-27 17:43:06 [http-nio-8888-exec-6] DEBUG o.s.web.servlet.DispatcherServlet - GET "/img/bye.png", parameters={}
2024-12-27 17:43:06 [http-nio-8888-exec-3] DEBUG o.s.w.s.h.SimpleUrlHandlerMapping - Mapped to ResourceHttpRequestHandler [classpath [META-INF/resources/], classpath [resources/], classpath [static/], classpath [public/], ServletContext [/]]
2024-12-27 17:43:06 [http-nio-8888-exec-5] DEBUG o.s.w.s.h.SimpleUrlHandlerMapping - Mapped to ResourceHttpRequestHandler [classpath [META-INF/resources/], classpath [resources/], classpath [static/], classpath [public/], ServletContext [/]]
2024-12-27 17:43:06 [http-nio-8888-exec-6] DEBUG o.s.w.s.h.SimpleUrlHandlerMapping - Mapped to ResourceHttpRequestHandler [classpath [META-INF/resources/], classpath [resources/], classpath [static/], classpath [public/], ServletContext [/]]
2024-12-27 17:43:06 [http-nio-8888-exec-8] DEBUG o.s.web.servlet.DispatcherServlet - Completed 200 OK
2024-12-27 17:43:06 [http-nio-8888-exec-5] DEBUG o.s.web.servlet.DispatcherServlet - Completed 200 OK
2024-12-27 17:43:06 [http-nio-8888-exec-3] DEBUG o.s.web.servlet.DispatcherServlet - Completed 200 OK
2024-12-27 17:43:06 [http-nio-8888-exec-6] DEBUG o.s.web.servlet.DispatcherServlet - Completed 200 OK
2024-12-27 17:43:08 [http-nio-8888-exec-7] DEBUG o.s.web.servlet.DispatcherServlet - GET "/member/member", parameters={}
2024-12-27 17:43:08 [http-nio-8888-exec-7] DEBUG o.s.w.s.m.m.a.RequestMappingHandlerMapping - Mapped to org.example.spring3.member.controller.MemberController#member()
2024-12-27 17:43:08 [http-nio-8888-exec-7] INFO  o.e.s.m.controller.MemberController - member-----------
2024-12-27 17:43:08 [http-nio-8888-exec-7] DEBUG o.s.w.s.v.ContentNegotiatingViewResolver - Selected 'text/html' given [text/html, application/xhtml+xml, image/avif, image/webp, image/apng, application/xml;q=0.9, */*;q=0.8, application/signed-exchange;v=b3;q=0.7]
2024-12-27 17:43:08 [http-nio-8888-exec-7] DEBUG o.s.web.servlet.DispatcherServlet - Completed 200 OK
2024-12-27 17:43:08 [http-nio-8888-exec-4] DEBUG o.s.web.servlet.DispatcherServlet - GET "/css/project.css", parameters={}
2024-12-27 17:43:08 [http-nio-8888-exec-4] DEBUG o.s.w.s.h.SimpleUrlHandlerMapping - Mapped to ResourceHttpRequestHandler [classpath [META-INF/resources/], classpath [resources/], classpath [static/], classpath [public/], ServletContext [/]]
2024-12-27 17:43:08 [http-nio-8888-exec-4] DEBUG o.s.web.servlet.DispatcherServlet - Completed 200 OK
2024-12-27 17:43:08 [http-nio-8888-exec-9] DEBUG o.s.web.servlet.DispatcherServlet - GET "/img/bye.png", parameters={}
2024-12-27 17:43:08 [http-nio-8888-exec-9] DEBUG o.s.w.s.h.SimpleUrlHandlerMapping - Mapped to ResourceHttpRequestHandler [classpath [META-INF/resources/], classpath [resources/], classpath [static/], classpath [public/], ServletContext [/]]
2024-12-27 17:43:08 [http-nio-8888-exec-9] DEBUG o.s.web.servlet.DispatcherServlet - Completed 200 OK
2024-12-27 17:43:08 [http-nio-8888-exec-10] DEBUG o.s.web.servlet.DispatcherServlet - GET "/img/member.png", parameters={}
2024-12-27 17:43:08 [http-nio-8888-exec-10] DEBUG o.s.w.s.h.SimpleUrlHandlerMapping - Mapped to ResourceHttpRequestHandler [classpath [META-INF/resources/], classpath [resources/], classpath [static/], classpath [public/], ServletContext [/]]
2024-12-27 17:43:08 [http-nio-8888-exec-10] DEBUG o.s.web.servlet.DispatcherServlet - Completed 200 OK
2024-12-27 17:43:08 [http-nio-8888-exec-10] DEBUG o.s.web.servlet.DispatcherServlet - GET "/img/board.png", parameters={}
2024-12-27 17:43:08 [http-nio-8888-exec-10] DEBUG o.s.w.s.h.SimpleUrlHandlerMapping - Mapped to ResourceHttpRequestHandler [classpath [META-INF/resources/], classpath [resources/], classpath [static/], classpath [public/], ServletContext [/]]
2024-12-27 17:43:08 [http-nio-8888-exec-10] DEBUG o.s.web.servlet.DispatcherServlet - Completed 200 OK
2024-12-27 17:43:08 [http-nio-8888-exec-2] DEBUG o.s.web.servlet.DispatcherServlet - GET "/img/cart.png", parameters={}
2024-12-27 17:43:08 [http-nio-8888-exec-1] DEBUG o.s.web.servlet.DispatcherServlet - GET "/img/product.png", parameters={}
2024-12-27 17:43:08 [http-nio-8888-exec-1] DEBUG o.s.w.s.h.SimpleUrlHandlerMapping - Mapped to ResourceHttpRequestHandler [classpath [META-INF/resources/], classpath [resources/], classpath [static/], classpath [public/], ServletContext [/]]
2024-12-27 17:43:08 [http-nio-8888-exec-2] DEBUG o.s.w.s.h.SimpleUrlHandlerMapping - Mapped to ResourceHttpRequestHandler [classpath [META-INF/resources/], classpath [resources/], classpath [static/], classpath [public/], ServletContext [/]]
2024-12-27 17:43:08 [http-nio-8888-exec-1] DEBUG o.s.web.servlet.DispatcherServlet - Completed 200 OK
2024-12-27 17:43:08 [http-nio-8888-exec-2] DEBUG o.s.web.servlet.DispatcherServlet - Completed 200 OK
2024-12-27 17:43:13 [http-nio-8888-exec-8] DEBUG o.s.web.servlet.DispatcherServlet - GET "/board/board", parameters={}
2024-12-27 17:43:13 [http-nio-8888-exec-8] DEBUG o.s.w.s.h.SimpleUrlHandlerMapping - Mapped to ResourceHttpRequestHandler [classpath [META-INF/resources/], classpath [resources/], classpath [static/], classpath [public/], ServletContext [/]]
2024-12-27 17:43:13 [http-nio-8888-exec-8] DEBUG o.s.w.s.r.ResourceHttpRequestHandler - Resource not found
2024-12-27 17:43:13 [http-nio-8888-exec-8] DEBUG o.s.w.s.m.s.DefaultHandlerExceptionResolver - Resolved [org.springframework.web.servlet.resource.NoResourceFoundException: No static resource board/board.]
2024-12-27 17:43:13 [http-nio-8888-exec-8] DEBUG o.s.web.servlet.DispatcherServlet - Completed 404 NOT_FOUND
2024-12-27 17:43:13 [http-nio-8888-exec-8] DEBUG o.s.web.servlet.DispatcherServlet - "ERROR" dispatch for GET "/error", parameters={}
2024-12-27 17:43:13 [http-nio-8888-exec-8] DEBUG o.s.w.s.m.m.a.RequestMappingHandlerMapping - Mapped to org.springframework.boot.autoconfigure.web.servlet.error.BasicErrorController#errorHtml(HttpServletRequest, HttpServletResponse)
2024-12-27 17:43:13 [http-nio-8888-exec-8] DEBUG o.s.w.s.v.ContentNegotiatingViewResolver - Selected 'text/html' given [text/html, text/html;q=0.8]
2024-12-27 17:43:13 [http-nio-8888-exec-8] DEBUG o.s.web.servlet.DispatcherServlet - Exiting from "ERROR" dispatch, status 404
2024-12-27 17:43:15 [http-nio-8888-exec-5] DEBUG o.s.web.servlet.DispatcherServlet - GET "/member/member", parameters={}
2024-12-27 17:43:15 [http-nio-8888-exec-5] DEBUG o.s.w.s.m.m.a.RequestMappingHandlerMapping - Mapped to org.example.spring3.member.controller.MemberController#member()
2024-12-27 17:43:15 [http-nio-8888-exec-5] INFO  o.e.s.m.controller.MemberController - member-----------
2024-12-27 17:43:15 [http-nio-8888-exec-5] DEBUG o.s.w.s.v.ContentNegotiatingViewResolver - Selected 'text/html' given [text/html, application/xhtml+xml, image/avif, image/webp, image/apng, application/xml;q=0.9, */*;q=0.8, application/signed-exchange;v=b3;q=0.7]
2024-12-27 17:43:15 [http-nio-8888-exec-5] DEBUG o.s.web.servlet.DispatcherServlet - Completed 200 OK
2024-12-27 17:43:15 [http-nio-8888-exec-3] DEBUG o.s.web.servlet.DispatcherServlet - GET "/css/project.css", parameters={}
2024-12-27 17:43:15 [http-nio-8888-exec-6] DEBUG o.s.web.servlet.DispatcherServlet - GET "/img/bye.png", parameters={}
2024-12-27 17:43:15 [http-nio-8888-exec-3] DEBUG o.s.w.s.h.SimpleUrlHandlerMapping - Mapped to ResourceHttpRequestHandler [classpath [META-INF/resources/], classpath [resources/], classpath [static/], classpath [public/], ServletContext [/]]
2024-12-27 17:43:15 [http-nio-8888-exec-6] DEBUG o.s.w.s.h.SimpleUrlHandlerMapping - Mapped to ResourceHttpRequestHandler [classpath [META-INF/resources/], classpath [resources/], classpath [static/], classpath [public/], ServletContext [/]]
2024-12-27 17:43:15 [http-nio-8888-exec-3] DEBUG o.s.web.servlet.DispatcherServlet - Completed 200 OK
2024-12-27 17:43:15 [http-nio-8888-exec-6] DEBUG o.s.web.servlet.DispatcherServlet - Completed 200 OK
2024-12-27 17:43:15 [http-nio-8888-exec-4] DEBUG o.s.web.servlet.DispatcherServlet - GET "/img/board.png", parameters={}
2024-12-27 17:43:15 [http-nio-8888-exec-7] DEBUG o.s.web.servlet.DispatcherServlet - GET "/img/member.png", parameters={}
2024-12-27 17:43:15 [http-nio-8888-exec-4] DEBUG o.s.w.s.h.SimpleUrlHandlerMapping - Mapped to ResourceHttpRequestHandler [classpath [META-INF/resources/], classpath [resources/], classpath [static/], classpath [public/], ServletContext [/]]
2024-12-27 17:43:15 [http-nio-8888-exec-7] DEBUG o.s.w.s.h.SimpleUrlHandlerMapping - Mapped to ResourceHttpRequestHandler [classpath [META-INF/resources/], classpath [resources/], classpath [static/], classpath [public/], ServletContext [/]]
2024-12-27 17:43:15 [http-nio-8888-exec-10] DEBUG o.s.web.servlet.DispatcherServlet - GET "/img/cart.png", parameters={}
2024-12-27 17:43:15 [http-nio-8888-exec-9] DEBUG o.s.web.servlet.DispatcherServlet - GET "/img/product.png", parameters={}
2024-12-27 17:43:15 [http-nio-8888-exec-9] DEBUG o.s.w.s.h.SimpleUrlHandlerMapping - Mapped to ResourceHttpRequestHandler [classpath [META-INF/resources/], classpath [resources/], classpath [static/], classpath [public/], ServletContext [/]]
2024-12-27 17:43:15 [http-nio-8888-exec-10] DEBUG o.s.w.s.h.SimpleUrlHandlerMapping - Mapped to ResourceHttpRequestHandler [classpath [META-INF/resources/], classpath [resources/], classpath [static/], classpath [public/], ServletContext [/]]
2024-12-27 17:43:15 [http-nio-8888-exec-4] DEBUG o.s.web.servlet.DispatcherServlet - Completed 200 OK
2024-12-27 17:43:15 [http-nio-8888-exec-7] DEBUG o.s.web.servlet.DispatcherServlet - Completed 200 OK
2024-12-27 17:43:15 [http-nio-8888-exec-9] DEBUG o.s.web.servlet.DispatcherServlet - Completed 200 OK
2024-12-27 17:43:15 [http-nio-8888-exec-10] DEBUG o.s.web.servlet.DispatcherServlet - Completed 200 OK
2024-12-27 17:43:19 [http-nio-8888-exec-2] DEBUG o.s.web.servlet.DispatcherServlet - GET "/product/product", parameters={}
2024-12-27 17:43:19 [http-nio-8888-exec-2] DEBUG o.s.w.s.h.SimpleUrlHandlerMapping - Mapped to ResourceHttpRequestHandler [classpath [META-INF/resources/], classpath [resources/], classpath [static/], classpath [public/], ServletContext [/]]
2024-12-27 17:43:19 [http-nio-8888-exec-2] DEBUG o.s.w.s.r.ResourceHttpRequestHandler - Resource not found
2024-12-27 17:43:19 [http-nio-8888-exec-2] DEBUG o.s.w.s.m.s.DefaultHandlerExceptionResolver - Resolved [org.springframework.web.servlet.resource.NoResourceFoundException: No static resource product/product.]
2024-12-27 17:43:19 [http-nio-8888-exec-2] DEBUG o.s.web.servlet.DispatcherServlet - Completed 404 NOT_FOUND
2024-12-27 17:43:19 [http-nio-8888-exec-2] DEBUG o.s.web.servlet.DispatcherServlet - "ERROR" dispatch for GET "/error", parameters={}
2024-12-27 17:43:19 [http-nio-8888-exec-2] DEBUG o.s.w.s.m.m.a.RequestMappingHandlerMapping - Mapped to org.springframework.boot.autoconfigure.web.servlet.error.BasicErrorController#errorHtml(HttpServletRequest, HttpServletResponse)
2024-12-27 17:43:19 [http-nio-8888-exec-2] DEBUG o.s.w.s.v.ContentNegotiatingViewResolver - Selected 'text/html' given [text/html, text/html;q=0.8]
2024-12-27 17:43:19 [http-nio-8888-exec-2] DEBUG o.s.web.servlet.DispatcherServlet - Exiting from "ERROR" dispatch, status 404
2024-12-27 17:43:23 [http-nio-8888-exec-1] DEBUG o.s.web.servlet.DispatcherServlet - GET "/member/member", parameters={}
2024-12-27 17:43:23 [http-nio-8888-exec-1] DEBUG o.s.w.s.m.m.a.RequestMappingHandlerMapping - Mapped to org.example.spring3.member.controller.MemberController#member()
2024-12-27 17:43:23 [http-nio-8888-exec-1] INFO  o.e.s.m.controller.MemberController - member-----------
2024-12-27 17:43:23 [http-nio-8888-exec-1] DEBUG o.s.w.s.v.ContentNegotiatingViewResolver - Selected 'text/html' given [text/html, application/xhtml+xml, image/avif, image/webp, image/apng, application/xml;q=0.9, */*;q=0.8, application/signed-exchange;v=b3;q=0.7]
2024-12-27 17:43:23 [http-nio-8888-exec-1] DEBUG o.s.web.servlet.DispatcherServlet - Completed 200 OK
2024-12-27 17:43:24 [http-nio-8888-exec-8] DEBUG o.s.web.servlet.DispatcherServlet - GET "/css/project.css", parameters={}
2024-12-27 17:43:24 [http-nio-8888-exec-5] DEBUG o.s.web.servlet.DispatcherServlet - GET "/img/bye.png", parameters={}
2024-12-27 17:43:24 [http-nio-8888-exec-8] DEBUG o.s.w.s.h.SimpleUrlHandlerMapping - Mapped to ResourceHttpRequestHandler [classpath [META-INF/resources/], classpath [resources/], classpath [static/], classpath [public/], ServletContext [/]]
2024-12-27 17:43:24 [http-nio-8888-exec-5] DEBUG o.s.w.s.h.SimpleUrlHandlerMapping - Mapped to ResourceHttpRequestHandler [classpath [META-INF/resources/], classpath [resources/], classpath [static/], classpath [public/], ServletContext [/]]
2024-12-27 17:43:24 [http-nio-8888-exec-8] DEBUG o.s.web.servlet.DispatcherServlet - Completed 200 OK
2024-12-27 17:43:24 [http-nio-8888-exec-5] DEBUG o.s.web.servlet.DispatcherServlet - Completed 200 OK
2024-12-27 17:43:24 [http-nio-8888-exec-3] DEBUG o.s.web.servlet.DispatcherServlet - GET "/img/member.png", parameters={}
2024-12-27 17:43:24 [http-nio-8888-exec-3] DEBUG o.s.w.s.h.SimpleUrlHandlerMapping - Mapped to ResourceHttpRequestHandler [classpath [META-INF/resources/], classpath [resources/], classpath [static/], classpath [public/], ServletContext [/]]
2024-12-27 17:43:24 [http-nio-8888-exec-4] DEBUG o.s.web.servlet.DispatcherServlet - GET "/img/product.png", parameters={}
2024-12-27 17:43:24 [http-nio-8888-exec-6] DEBUG o.s.web.servlet.DispatcherServlet - GET "/img/board.png", parameters={}
2024-12-27 17:43:24 [http-nio-8888-exec-4] DEBUG o.s.w.s.h.SimpleUrlHandlerMapping - Mapped to ResourceHttpRequestHandler [classpath [META-INF/resources/], classpath [resources/], classpath [static/], classpath [public/], ServletContext [/]]
2024-12-27 17:43:24 [http-nio-8888-exec-7] DEBUG o.s.web.servlet.DispatcherServlet - GET "/img/cart.png", parameters={}
2024-12-27 17:43:24 [http-nio-8888-exec-6] DEBUG o.s.w.s.h.SimpleUrlHandlerMapping - Mapped to ResourceHttpRequestHandler [classpath [META-INF/resources/], classpath [resources/], classpath [static/], classpath [public/], ServletContext [/]]
2024-12-27 17:43:24 [http-nio-8888-exec-7] DEBUG o.s.w.s.h.SimpleUrlHandlerMapping - Mapped to ResourceHttpRequestHandler [classpath [META-INF/resources/], classpath [resources/], classpath [static/], classpath [public/], ServletContext [/]]
2024-12-27 17:43:24 [http-nio-8888-exec-4] DEBUG o.s.web.servlet.DispatcherServlet - Completed 200 OK
2024-12-27 17:43:24 [http-nio-8888-exec-6] DEBUG o.s.web.servlet.DispatcherServlet - Completed 200 OK
2024-12-27 17:43:24 [http-nio-8888-exec-7] DEBUG o.s.web.servlet.DispatcherServlet - Completed 200 OK
2024-12-27 17:43:24 [http-nio-8888-exec-3] DEBUG o.s.web.servlet.DispatcherServlet - Completed 200 OK
2024-12-27 17:43:24 [http-nio-8888-exec-9] DEBUG o.s.web.servlet.DispatcherServlet - GET "/board/board", parameters={}
2024-12-27 17:43:24 [http-nio-8888-exec-9] DEBUG o.s.w.s.h.SimpleUrlHandlerMapping - Mapped to ResourceHttpRequestHandler [classpath [META-INF/resources/], classpath [resources/], classpath [static/], classpath [public/], ServletContext [/]]
2024-12-27 17:43:24 [http-nio-8888-exec-9] DEBUG o.s.w.s.r.ResourceHttpRequestHandler - Resource not found
2024-12-27 17:43:24 [http-nio-8888-exec-9] DEBUG o.s.w.s.m.s.DefaultHandlerExceptionResolver - Resolved [org.springframework.web.servlet.resource.NoResourceFoundException: No static resource board/board.]
2024-12-27 17:43:24 [http-nio-8888-exec-9] DEBUG o.s.web.servlet.DispatcherServlet - Completed 404 NOT_FOUND
2024-12-27 17:43:24 [http-nio-8888-exec-9] DEBUG o.s.web.servlet.DispatcherServlet - "ERROR" dispatch for GET "/error", parameters={}
2024-12-27 17:43:24 [http-nio-8888-exec-9] DEBUG o.s.w.s.m.m.a.RequestMappingHandlerMapping - Mapped to org.springframework.boot.autoconfigure.web.servlet.error.BasicErrorController#errorHtml(HttpServletRequest, HttpServletResponse)
2024-12-27 17:43:25 [http-nio-8888-exec-9] DEBUG o.s.w.s.v.ContentNegotiatingViewResolver - Selected 'text/html' given [text/html, text/html;q=0.8]
2024-12-27 17:43:25 [http-nio-8888-exec-9] DEBUG o.s.web.servlet.DispatcherServlet - Exiting from "ERROR" dispatch, status 404
2024-12-27 17:43:26 [http-nio-8888-exec-10] DEBUG o.s.web.servlet.DispatcherServlet - GET "/member/member", parameters={}
2024-12-27 17:43:26 [http-nio-8888-exec-10] DEBUG o.s.w.s.m.m.a.RequestMappingHandlerMapping - Mapped to org.example.spring3.member.controller.MemberController#member()
2024-12-27 17:43:26 [http-nio-8888-exec-10] INFO  o.e.s.m.controller.MemberController - member-----------
2024-12-27 17:43:26 [http-nio-8888-exec-10] DEBUG o.s.w.s.v.ContentNegotiatingViewResolver - Selected 'text/html' given [text/html, application/xhtml+xml, image/avif, image/webp, image/apng, application/xml;q=0.9, */*;q=0.8, application/signed-exchange;v=b3;q=0.7]
2024-12-27 17:43:26 [http-nio-8888-exec-10] DEBUG o.s.web.servlet.DispatcherServlet - Completed 200 OK
2024-12-27 17:43:26 [http-nio-8888-exec-2] DEBUG o.s.web.servlet.DispatcherServlet - GET "/css/project.css", parameters={}
2024-12-27 17:43:26 [http-nio-8888-exec-2] DEBUG o.s.w.s.h.SimpleUrlHandlerMapping - Mapped to ResourceHttpRequestHandler [classpath [META-INF/resources/], classpath [resources/], classpath [static/], classpath [public/], ServletContext [/]]
2024-12-27 17:43:26 [http-nio-8888-exec-1] DEBUG o.s.web.servlet.DispatcherServlet - GET "/img/bye.png", parameters={}
2024-12-27 17:43:26 [http-nio-8888-exec-1] DEBUG o.s.w.s.h.SimpleUrlHandlerMapping - Mapped to ResourceHttpRequestHandler [classpath [META-INF/resources/], classpath [resources/], classpath [static/], classpath [public/], ServletContext [/]]
2024-12-27 17:43:26 [http-nio-8888-exec-2] DEBUG o.s.web.servlet.DispatcherServlet - Completed 200 OK
2024-12-27 17:43:26 [http-nio-8888-exec-1] DEBUG o.s.web.servlet.DispatcherServlet - Completed 200 OK
2024-12-27 17:43:26 [http-nio-8888-exec-8] DEBUG o.s.web.servlet.DispatcherServlet - GET "/img/member.png", parameters={}
2024-12-27 17:43:26 [http-nio-8888-exec-5] DEBUG o.s.web.servlet.DispatcherServlet - GET "/img/board.png", parameters={}
2024-12-27 17:43:26 [http-nio-8888-exec-8] DEBUG o.s.w.s.h.SimpleUrlHandlerMapping - Mapped to ResourceHttpRequestHandler [classpath [META-INF/resources/], classpath [resources/], classpath [static/], classpath [public/], ServletContext [/]]
2024-12-27 17:43:26 [http-nio-8888-exec-5] DEBUG o.s.w.s.h.SimpleUrlHandlerMapping - Mapped to ResourceHttpRequestHandler [classpath [META-INF/resources/], classpath [resources/], classpath [static/], classpath [public/], ServletContext [/]]
2024-12-27 17:43:26 [http-nio-8888-exec-4] DEBUG o.s.web.servlet.DispatcherServlet - GET "/img/product.png", parameters={}
2024-12-27 17:43:26 [http-nio-8888-exec-4] DEBUG o.s.w.s.h.SimpleUrlHandlerMapping - Mapped to ResourceHttpRequestHandler [classpath [META-INF/resources/], classpath [resources/], classpath [static/], classpath [public/], ServletContext [/]]
2024-12-27 17:43:26 [http-nio-8888-exec-6] DEBUG o.s.web.servlet.DispatcherServlet - GET "/img/cart.png", parameters={}
2024-12-27 17:43:26 [http-nio-8888-exec-6] DEBUG o.s.w.s.h.SimpleUrlHandlerMapping - Mapped to ResourceHttpRequestHandler [classpath [META-INF/resources/], classpath [resources/], classpath [static/], classpath [public/], ServletContext [/]]
2024-12-27 17:43:26 [http-nio-8888-exec-4] DEBUG o.s.web.servlet.DispatcherServlet - Completed 200 OK
2024-12-27 17:43:26 [http-nio-8888-exec-8] DEBUG o.s.web.servlet.DispatcherServlet - Completed 200 OK
2024-12-27 17:43:26 [http-nio-8888-exec-6] DEBUG o.s.web.servlet.DispatcherServlet - Completed 200 OK
2024-12-27 17:43:26 [http-nio-8888-exec-5] DEBUG o.s.web.servlet.DispatcherServlet - Completed 200 OK
2024-12-27 17:43:28 [http-nio-8888-exec-7] DEBUG o.s.web.servlet.DispatcherServlet - GET "/member/member", parameters={}
2024-12-27 17:43:28 [http-nio-8888-exec-7] DEBUG o.s.w.s.m.m.a.RequestMappingHandlerMapping - Mapped to org.example.spring3.member.controller.MemberController#member()
2024-12-27 17:43:28 [http-nio-8888-exec-7] INFO  o.e.s.m.controller.MemberController - member-----------
2024-12-27 17:43:28 [http-nio-8888-exec-7] DEBUG o.s.w.s.v.ContentNegotiatingViewResolver - Selected 'text/html' given [text/html, application/xhtml+xml, image/avif, image/webp, image/apng, application/xml;q=0.9, */*;q=0.8, application/signed-exchange;v=b3;q=0.7]
2024-12-27 17:43:28 [http-nio-8888-exec-7] DEBUG o.s.web.servlet.DispatcherServlet - Completed 200 OK
2024-12-27 17:43:28 [http-nio-8888-exec-3] DEBUG o.s.web.servlet.DispatcherServlet - GET "/css/project.css", parameters={}
2024-12-27 17:43:28 [http-nio-8888-exec-3] DEBUG o.s.w.s.h.SimpleUrlHandlerMapping - Mapped to ResourceHttpRequestHandler [classpath [META-INF/resources/], classpath [resources/], classpath [static/], classpath [public/], ServletContext [/]]
2024-12-27 17:43:28 [http-nio-8888-exec-3] DEBUG o.s.web.servlet.DispatcherServlet - Completed 200 OK
2024-12-27 17:43:28 [http-nio-8888-exec-9] DEBUG o.s.web.servlet.DispatcherServlet - GET "/img/bye.png", parameters={}
2024-12-27 17:43:28 [http-nio-8888-exec-9] DEBUG o.s.w.s.h.SimpleUrlHandlerMapping - Mapped to ResourceHttpRequestHandler [classpath [META-INF/resources/], classpath [resources/], classpath [static/], classpath [public/], ServletContext [/]]
2024-12-27 17:43:28 [http-nio-8888-exec-9] DEBUG o.s.web.servlet.DispatcherServlet - Completed 200 OK
2024-12-27 17:43:28 [http-nio-8888-exec-10] DEBUG o.s.web.servlet.DispatcherServlet - GET "/img/member.png", parameters={}
2024-12-27 17:43:28 [http-nio-8888-exec-10] DEBUG o.s.w.s.h.SimpleUrlHandlerMapping - Mapped to ResourceHttpRequestHandler [classpath [META-INF/resources/], classpath [resources/], classpath [static/], classpath [public/], ServletContext [/]]
2024-12-27 17:43:28 [http-nio-8888-exec-10] DEBUG o.s.web.servlet.DispatcherServlet - Completed 200 OK
2024-12-27 17:43:28 [http-nio-8888-exec-2] DEBUG o.s.web.servlet.DispatcherServlet - GET "/img/board.png", parameters={}
2024-12-27 17:43:28 [http-nio-8888-exec-4] DEBUG o.s.web.servlet.DispatcherServlet - GET "/img/cart.png", parameters={}
2024-12-27 17:43:28 [http-nio-8888-exec-1] DEBUG o.s.web.servlet.DispatcherServlet - GET "/img/product.png", parameters={}
2024-12-27 17:43:28 [http-nio-8888-exec-2] DEBUG o.s.w.s.h.SimpleUrlHandlerMapping - Mapped to ResourceHttpRequestHandler [classpath [META-INF/resources/], classpath [resources/], classpath [static/], classpath [public/], ServletContext [/]]
2024-12-27 17:43:28 [http-nio-8888-exec-4] DEBUG o.s.w.s.h.SimpleUrlHandlerMapping - Mapped to ResourceHttpRequestHandler [classpath [META-INF/resources/], classpath [resources/], classpath [static/], classpath [public/], ServletContext [/]]
2024-12-27 17:43:28 [http-nio-8888-exec-1] DEBUG o.s.w.s.h.SimpleUrlHandlerMapping - Mapped to ResourceHttpRequestHandler [classpath [META-INF/resources/], classpath [resources/], classpath [static/], classpath [public/], ServletContext [/]]
2024-12-27 17:43:28 [http-nio-8888-exec-4] DEBUG o.s.web.servlet.DispatcherServlet - Completed 200 OK
2024-12-27 17:43:28 [http-nio-8888-exec-2] DEBUG o.s.web.servlet.DispatcherServlet - Completed 200 OK
2024-12-27 17:43:28 [http-nio-8888-exec-1] DEBUG o.s.web.servlet.DispatcherServlet - Completed 200 OK
